<?xml version="1.0" encoding="UTF-8"?>
<testsuite
	xmlns:xsi="http://www.w3.org/2001/XMLSchema-instance"
	xsi:noNamespaceSchemaLocation="https://maven.apache.org/surefire/maven-surefire-plugin/xsd/surefire-test-report.xsd"
	name="TestSuite" time="157.449" tests="5" errors="0" skipped="0"
	failures="0">
	<properties>
		<property name="sun.desktop" value="windows" />
		<property name="awt.toolkit" value="sun.awt.windows.WToolkit" />
		<property name="java.specification.version" value="9" />
		<property name="file.encoding.pkg" value="sun.io" />
		<property name="sun.cpu.isalist" value="amd64" />
		<property name="sun.jnu.encoding" value="Cp1252" />
		<property name="java.class.path"
			value="C:\Program Files\Maven\apache-maven-3.8.1\bin\..\boot\plexus-classworlds-2.6.0.jar" />
		<property name="java.vm.vendor" value="Oracle Corporation" />
		<property name="sun.arch.data.model" value="64" />
		<property name="user.variant" value="" />
		<property name="java.vendor.url"
			value="http://java.oracle.com/" />
		<property name="user.timezone" value="Europe/London" />
		<property name="maven.conf"
			value="C:\Program Files\Maven\apache-maven-3.8.1\bin\../conf" />
		<property name="os.name" value="Windows 10" />
		<property name="java.vm.specification.version" value="9" />
		<property name="sun.java.launcher" value="SUN_STANDARD" />
		<property name="user.country" value="US" />
		<property name="sun.boot.library.path"
			value="C:\Program Files\Java\jdk-9.0.4\bin" />
		<property name="sun.java.command"
			value="org.codehaus.plexus.classworlds.launcher.Launcher test -Dbrowser=edge" />
		<property name="jdk.debug" value="release" />
		<property name="maven.home"
			value="C:\Program Files\Maven\apache-maven-3.8.1\bin\.." />
		<property name="sun.cpu.endian" value="little" />
		<property name="user.home" value="C:\Users\vaidp" />
		<property name="user.language" value="en" />
		<property name="java.specification.vendor"
			value="Oracle Corporation" />
		<property name="java.home"
			value="C:\Program Files\Java\jdk-9.0.4" />
		<property name="file.separator" value="\" />
		<property name="java.vm.compressedOopsMode" value="32-bit" />
		<property name="line.separator" value="&#10;" />
		<property name="java.specification.name"
			value="Java Platform API Specification" />
		<property name="java.vm.specification.vendor"
			value="Oracle Corporation" />
		<property name="java.awt.graphicsenv"
			value="sun.awt.Win32GraphicsEnvironment" />
		<property name="user.script" value="" />
		<property name="sun.management.compiler"
			value="HotSpot 64-Bit Tiered Compilers" />
		<property name="java.runtime.version" value="9.0.4+11" />
		<property name="user.name" value="vaidp" />
		<property name="path.separator" value=";" />
		<property name="os.version" value="10.0" />
		<property name="java.runtime.name"
			value="Java(TM) SE Runtime Environment" />
		<property name="file.encoding" value="Cp1252" />
		<property name="guice.disable.misplaced.annotation.check"
			value="true" />
		<property name="browser" value="edge" />
		<property name="java.vm.name"
			value="Java HotSpot(TM) 64-Bit Server VM" />
		<property name="java.vendor.url.bug"
			value="http://bugreport.java.com/bugreport/" />
		<property name="java.io.tmpdir"
			value="C:\Users\vaidp\AppData\Local\Temp\" />
		<property name="java.version" value="9.0.4" />
		<property name="user.dir"
			value="E:\Eclipse workspace\Workspace\Automation2" />
		<property name="os.arch" value="amd64" />
		<property name="maven.multiModuleProjectDirectory"
			value="E:\Eclipse workspace\Workspace\Automation2" />
		<property name="java.vm.specification.name"
			value="Java Virtual Machine Specification" />
		<property name="java.awt.printerjob"
			value="sun.awt.windows.WPrinterJob" />
		<property name="sun.os.patch.level" value="" />
		<property name="java.library.path"
			value="C:\Program Files\Java\jdk-9.0.4\bin;C:\WINDOWS\Sun\Java\bin;C:\WINDOWS\system32;C:\WINDOWS;C:\Program Files\Java\jdk-9.0.4/bin;C:\Program Files\Java\jdk-9.0.4/bin;C:\ProgramData\Oracle\Java\javapath;C:\Program Files (x86)\Common Files\Oracle\Java\javapath;C:\WINDOWS\system32;C:\WINDOWS;C:\WINDOWS\System32\Wbem;C:\WINDOWS\System32\WindowsPowerShell\v1.0\;C:\WINDOWS\System32\OpenSSH\;%M2%;C:\Program Files\Java\jdk-9.0.4\bin;C:\Program Files\Maven\apache-maven-3.8.1\bin;;C:\Program Files\Crucial\Crucial Storage Executive;C:\Program Files\MySQL\MySQL Shell 8.0\bin\;C:\Users\vaidp\AppData\Local\Microsoft\WindowsApps;;C:\Users\vaidp\AppData\Local\Programs\Microsoft VS Code\bin;." />
		<property name="java.vm.info" value="mixed mode" />
		<property name="java.vendor" value="Oracle Corporation" />
		<property name="java.vm.version" value="9.0.4+11" />
		<property name="classworlds.conf"
			value="C:\Program Files\Maven\apache-maven-3.8.1\bin\..\bin\m2.conf" />
		<property name="sun.io.unicode.encoding"
			value="UnicodeLittle" />
		<property name="library.jansi.path"
			value="C:\Program Files\Maven\apache-maven-3.8.1\bin\..\lib\jansi-native" />
		<property name="java.class.version" value="53.0" />
	</properties>
	<testcase name="addElements"
		classname="Selenium.Automation2.Homepage" time="25.908" />
	<testcase name="addElements"
		classname="Selenium.Automation2.Homepage_DataProvider" time="26.036" />
	<testcase name="addElements"
		classname="Selenium.Automation2.Homepage_DataProvider" time="22.943" />
	<testcase name="addElements"
		classname="Selenium.Automation2.Homepage_DataProvider" time="20.117" />
	<testcase name="addElements"
		classname="Selenium.Automation2.Homepage_DataProvider" time="19.834" />
</testsuite>