<?xml version="1.0" encoding="UTF-8"?>
<!-- Generated by org.testng.reporters.JUnitReportReporter -->
<testsuite hostname="Durva" failures="0" tests="3" name="cucumberOptions.TestRunner" time="61.928" errors="0" timestamp="2021-06-22T23:05:04 BST" skipped="0">
  <testcase classname="cucumberOptions.TestRunner" name="runScenario" time="20.086"/>
  <system-out/>
  <testcase classname="cucumberOptions.TestRunner" name="runScenario" time="19.847"/>
  <system-out/>
  <testcase classname="cucumberOptions.TestRunner" name="runScenario" time="21.995"/>
  <system-out/>
</testsuite> <!-- cucumberOptions.TestRunner -->
