<?xml version="1.0" encoding="UTF-8"?>
<!-- Generated by org.testng.reporters.JUnitReportReporter -->
<testsuite hostname="Durva" failures="0" tests="1"
	name="Selenium.Automation2.Homepage" time="44.562" errors="0"
	timestamp="2021-06-08T01:25:18 BST" skipped="0">
	<testcase classname="Selenium.Automation2.Homepage"
		name="addElements" time="44.562" />
	<system-out />
</testsuite> <!-- Selenium.Automation2.Homepage -->
