<?xml version="1.0" encoding="UTF-8"?>
<!-- Generated by org.testng.reporters.JUnitReportReporter -->
<testsuite hostname="Durva" failures="0" tests="1"
	name="Selenium.Automation2.dataDrivenTestFromExcel" time="43.205"
	errors="0" timestamp="2021-06-13T21:44:29 BST" skipped="0">
	<testcase
		classname="Selenium.Automation2.dataDrivenTestFromExcel"
		name="addElementstoExcel" time="43.205" />
	<system-out />
</testsuite> <!-- Selenium.Automation2.dataDrivenTestFromExcel -->
