<?xml version="1.0" encoding="UTF-8"?>
<!-- Generated by org.testng.reporters.JUnitReportReporter -->
<testsuite hostname="Durva" failures="0" tests="4"
	name="Selenium.Automation2.Homepage_DataProvider" time="88.939"
	errors="0" timestamp="2021-06-15T22:59:35 BST" skipped="0">
	<testcase
		classname="Selenium.Automation2.Homepage_DataProvider"
		name="addElements" time="22.938" />
	<system-out />
	<testcase
		classname="Selenium.Automation2.Homepage_DataProvider"
		name="addElements" time="19.834" />
	<system-out />
	<testcase
		classname="Selenium.Automation2.Homepage_DataProvider"
		name="addElements" time="20.121" />
	<system-out />
	<testcase
		classname="Selenium.Automation2.Homepage_DataProvider"
		name="addElements" time="26.046" />
	<system-out />
</testsuite> <!-- Selenium.Automation2.Homepage_DataProvider -->
